TN:
SF:src/games/conveyor-belt/instructions/Abs.tsx
FN:10,(anonymous_8)
FN:11,(anonymous_10)
FN:15,(anonymous_11)
FN:26,(anonymous_12)
FN:31,(anonymous_13)
FN:35,(anonymous_14)
FN:43,(anonymous_15)
FN:51,(anonymous_16)
FNF:8
FNH:4
FNDA:10,(anonymous_8)
FNDA:19,(anonymous_10)
FNDA:3,(anonymous_11)
FNDA:0,(anonymous_12)
FNDA:0,(anonymous_13)
FNDA:0,(anonymous_14)
FNDA:0,(anonymous_15)
FNDA:3,(anonymous_16)
DA:8,5
DA:10,5
DA:11,5
DA:12,19
DA:15,5
DA:19,3
DA:20,3
DA:21,3
DA:22,3
DA:23,3
DA:26,5
DA:27,0
DA:28,0
DA:31,5
DA:32,0
DA:35,5
DA:39,0
DA:40,0
DA:43,5
DA:47,0
DA:48,0
DA:51,5
DA:52,3
DA:53,0
DA:55,5
LF:25
LH:17
BRDA:21,0,0,0
BRDA:28,1,0,0
BRDA:28,1,1,0
BRDA:52,2,0,0
BRF:4
BRH:0
end_of_record
TN:
SF:src/games/conveyor-belt/instructions/Add.tsx
FN:10,(anonymous_7)
FN:11,(anonymous_9)
FN:15,(anonymous_10)
FN:21,(anonymous_11)
FN:23,(anonymous_12)
FN:32,(anonymous_13)
FN:36,(anonymous_14)
FN:40,(anonymous_15)
FN:48,(anonymous_16)
FN:56,(anonymous_17)
FNF:10
FNH:6
FNDA:10,(anonymous_7)
FNDA:19,(anonymous_9)
FNDA:8,(anonymous_10)
FNDA:17,(anonymous_11)
FNDA:17,(anonymous_12)
FNDA:0,(anonymous_13)
FNDA:0,(anonymous_14)
FNDA:0,(anonymous_15)
FNDA:0,(anonymous_16)
FNDA:8,(anonymous_17)
DA:8,5
DA:10,5
DA:11,5
DA:12,19
DA:15,5
DA:19,8
DA:20,8
DA:21,17
DA:23,17
DA:29,8
DA:32,5
DA:33,0
DA:36,5
DA:37,0
DA:40,5
DA:44,0
DA:45,0
DA:48,5
DA:52,0
DA:53,0
DA:56,5
DA:57,8
DA:58,0
DA:60,5
LF:24
LH:17
BRDA:57,0,0,0
BRF:1
BRH:0
end_of_record
TN:
SF:src/games/conveyor-belt/instructions/Const.tsx
FN:10,(anonymous_7)
FN:11,(anonymous_9)
FN:15,(anonymous_10)
FN:23,(anonymous_11)
FN:27,(anonymous_12)
FN:31,(anonymous_13)
FN:39,(anonymous_14)
FN:47,(anonymous_15)
FNF:8
FNH:4
FNDA:10,(anonymous_7)
FNDA:19,(anonymous_9)
FNDA:41,(anonymous_10)
FNDA:0,(anonymous_11)
FNDA:0,(anonymous_12)
FNDA:0,(anonymous_13)
FNDA:0,(anonymous_14)
FNDA:41,(anonymous_15)
DA:8,5
DA:10,5
DA:11,5
DA:12,19
DA:15,5
DA:19,41
DA:20,41
DA:23,5
DA:24,0
DA:27,5
DA:28,0
DA:31,5
DA:35,0
DA:36,0
DA:39,5
DA:43,0
DA:44,0
DA:47,5
DA:48,41
DA:49,0
DA:51,5
LF:21
LH:14
BRDA:48,0,0,0
BRF:1
BRH:0
end_of_record
TN:
SF:src/games/conveyor-belt/instructions/Div.tsx
FN:10,(anonymous_9)
FN:11,(anonymous_11)
FN:15,(anonymous_12)
FN:31,(anonymous_13)
FN:35,(anonymous_14)
FN:39,(anonymous_15)
FN:47,(anonymous_16)
FN:55,(anonymous_17)
FNF:8
FNH:2
FNDA:10,(anonymous_9)
FNDA:19,(anonymous_11)
FNDA:0,(anonymous_12)
FNDA:0,(anonymous_13)
FNDA:0,(anonymous_14)
FNDA:0,(anonymous_15)
FNDA:0,(anonymous_16)
FNDA:0,(anonymous_17)
DA:8,5
DA:10,5
DA:11,5
DA:12,19
DA:15,5
DA:19,0
DA:20,0
DA:21,0
DA:22,0
DA:23,0
DA:24,0
DA:25,0
DA:31,5
DA:32,0
DA:35,5
DA:36,0
DA:39,5
DA:43,0
DA:44,0
DA:47,5
DA:51,0
DA:52,0
DA:55,5
DA:56,0
DA:57,0
DA:59,5
LF:26
LH:11
BRDA:56,0,0,0
BRF:1
BRH:0
end_of_record
TN:
SF:src/games/conveyor-belt/instructions/Mul.tsx
FN:10,(anonymous_7)
FN:11,(anonymous_9)
FN:15,(anonymous_10)
FN:21,(anonymous_11)
FN:23,(anonymous_12)
FN:32,(anonymous_13)
FN:36,(anonymous_14)
FN:40,(anonymous_15)
FN:48,(anonymous_16)
FN:56,(anonymous_17)
FNF:10
FNH:6
FNDA:10,(anonymous_7)
FNDA:19,(anonymous_9)
FNDA:12,(anonymous_10)
FNDA:25,(anonymous_11)
FNDA:25,(anonymous_12)
FNDA:0,(anonymous_13)
FNDA:0,(anonymous_14)
FNDA:0,(anonymous_15)
FNDA:0,(anonymous_16)
FNDA:12,(anonymous_17)
DA:8,5
DA:10,5
DA:11,5
DA:12,19
DA:15,5
DA:19,12
DA:20,12
DA:21,25
DA:23,25
DA:29,12
DA:32,5
DA:33,0
DA:36,5
DA:37,0
DA:40,5
DA:44,0
DA:45,0
DA:48,5
DA:52,0
DA:53,0
DA:56,5
DA:57,12
DA:58,0
DA:60,5
LF:24
LH:17
BRDA:57,0,0,0
BRF:1
BRH:0
end_of_record
TN:
SF:src/games/conveyor-belt/instructions/Neg.tsx
FN:10,(anonymous_8)
FN:11,(anonymous_10)
FN:15,(anonymous_11)
FN:26,(anonymous_12)
FN:31,(anonymous_13)
FN:35,(anonymous_14)
FN:43,(anonymous_15)
FN:51,(anonymous_16)
FNF:8
FNH:4
FNDA:10,(anonymous_8)
FNDA:19,(anonymous_10)
FNDA:3,(anonymous_11)
FNDA:0,(anonymous_12)
FNDA:0,(anonymous_13)
FNDA:0,(anonymous_14)
FNDA:0,(anonymous_15)
FNDA:3,(anonymous_16)
DA:8,5
DA:10,5
DA:11,5
DA:12,19
DA:15,5
DA:19,3
DA:20,3
DA:21,3
DA:22,3
DA:23,3
DA:26,5
DA:27,0
DA:28,0
DA:31,5
DA:32,0
DA:35,5
DA:39,0
DA:40,0
DA:43,5
DA:47,0
DA:48,0
DA:51,5
DA:52,3
DA:53,0
DA:55,5
LF:25
LH:17
BRDA:21,0,0,0
BRDA:28,1,0,0
BRDA:28,1,1,0
BRDA:52,2,0,0
BRF:4
BRH:0
end_of_record
TN:
SF:src/games/conveyor-belt/instructions/instruction.tsx
FN:7,(anonymous_0)
FN:28,(anonymous_2)
FN:35,(anonymous_3)
FNF:3
FNH:1
FNDA:35,(anonymous_0)
FNDA:0,(anonymous_2)
FNDA:0,(anonymous_3)
DA:7,5
DA:28,5
DA:32,0
DA:35,5
DA:39,0
DA:41,5
LF:6
LH:4
BRF:0
BRH:0
end_of_record
TN:
SF:src/games/conveyor-belt/runtime/index.ts
FN:1,(anonymous_1)
FNF:1
FNH:1
FNDA:19,(anonymous_1)
DA:1,24
LF:1
LH:1
BRF:0
BRH:0
end_of_record
TN:
SF:src/games/conveyor-belt/runtime/runtime.ts
FN:24,(anonymous_5)
FN:31,Runtime
FN:48,(anonymous_7)
FNF:3
FNH:3
FNDA:5,(anonymous_5)
FNDA:19,Runtime
FNDA:67,(anonymous_7)
DA:3,5
DA:4,5
DA:5,5
DA:6,5
DA:7,5
DA:8,5
DA:10,5
DA:24,5
DA:27,19
DA:29,19
DA:31,38
DA:32,114
DA:33,114
DA:35,19
DA:40,19
DA:41,19
DA:42,304
DA:43,4864
DA:44,304
DA:48,5
DA:49,67
DA:50,67
DA:51,0
DA:52,0
DA:55,67
DA:57,5
LF:26
LH:24
BRDA:31,0,0,19
BRDA:50,1,0,0
BRF:2
BRH:1
end_of_record
